INFO	2024/06/05 14:56:35 [::1]:54713 - HTTP/1.1 GET /
INFO	2024/06/05 14:56:35 [::1]:54713 - HTTP/1.1 GET /favicon.ico
INFO	2024/06/05 14:56:35 [::1]:54713 - HTTP/1.1 GET /
INFO	2024/06/05 14:56:35 [::1]:54713 - HTTP/1.1 GET /favicon.ico
INFO	2024/06/05 15:51:05 [::1]:54897 - HTTP/1.1 GET /
INFO	2024/06/05 15:51:05 [::1]:54897 - HTTP/1.1 GET /favicon.ico
INFO	2024/06/05 15:51:06 [::1]:54897 - HTTP/1.1 GET /
INFO	2024/06/05 15:51:07 [::1]:54897 - HTTP/1.1 GET /favicon.ico
INFO	2024/06/05 15:51:07 [::1]:54897 - HTTP/1.1 GET /
INFO	2024/06/05 15:51:07 [::1]:54897 - HTTP/1.1 GET /favicon.ico
INFO	2024/06/05 15:54:56 [::1]:54918 - HTTP/1.1 GET /
INFO	2024/06/05 15:54:56 [::1]:54918 - HTTP/1.1 GET /favicon.ico
INFO	2024/06/05 16:02:26 [::1]:54955 - HTTP/1.1 GET /
INFO	2024/06/05 16:02:26 [::1]:54956 - HTTP/1.1 GET /
INFO	2024/06/05 16:02:26 [::1]:54957 - HTTP/1.1 GET /
INFO	2024/06/05 16:02:28 [::1]:54959 - HTTP/1.1 GET /
INFO	2024/06/05 16:02:28 [::1]:54960 - HTTP/1.1 GET /
INFO	2024/06/05 16:02:28 [::1]:54961 - HTTP/1.1 GET /
INFO	2024/06/05 16:02:33 [::1]:54962 - HTTP/1.1 GET /
INFO	2024/06/05 16:02:33 [::1]:54963 - HTTP/1.1 GET /
INFO	2024/06/05 16:02:33 [::1]:54964 - HTTP/1.1 GET /
INFO	2024/06/05 16:04:41 [::1]:54971 - HTTP/1.1 GET /
INFO	2024/06/05 16:04:41 [::1]:54972 - HTTP/1.1 GET /
INFO	2024/06/05 16:04:41 [::1]:54973 - HTTP/1.1 GET /
INFO	2024/06/05 16:14:55 [::1]:55019 - HTTP/1.1 GET /
INFO	2024/06/05 16:14:55 [::1]:55020 - HTTP/1.1 GET /favicon.ico
INFO	2024/06/05 16:17:07 [::1]:55031 - HTTP/1.1 GET /
INFO	2024/06/05 16:17:07 [::1]:55032 - HTTP/1.1 GET /favicon.ico
INFO	2024/06/05 16:17:40 [::1]:55037 - HTTP/1.1 GET /
INFO	2024/06/05 16:17:40 [::1]:55037 - HTTP/1.1 GET /favicon.ico
INFO	2024/06/05 16:17:50 [::1]:55037 - HTTP/1.1 POST /tasks/updateform?id=3
INFO	2024/06/05 16:17:50 [::1]:55037 - HTTP/1.1 GET /
INFO	2024/06/05 16:17:50 [::1]:55037 - HTTP/1.1 GET /favicon.ico
INFO	2024/06/05 18:08:18 [::1]:55620 - HTTP/1.1 GET /
INFO	2024/06/05 18:08:18 [::1]:55620 - HTTP/1.1 GET /favicon.ico
INFO	2024/06/05 18:08:21 [::1]:55620 - HTTP/1.1 POST /tasks/delete?id=3
INFO	2024/06/05 18:08:21 [::1]:55620 - HTTP/1.1 GET /
INFO	2024/06/05 18:08:21 [::1]:55620 - HTTP/1.1 GET /favicon.ico
INFO	2024/06/05 18:08:27 [::1]:55620 - HTTP/1.1 POST /tasks/add
INFO	2024/06/05 18:08:27 [::1]:55620 - HTTP/1.1 GET /
INFO	2024/06/05 18:08:27 [::1]:55620 - HTTP/1.1 GET /favicon.ico
INFO	2024/06/05 18:08:37 [::1]:55620 - HTTP/1.1 POST /tasks/add
INFO	2024/06/05 18:08:37 [::1]:55620 - HTTP/1.1 GET /
INFO	2024/06/05 18:08:37 [::1]:55620 - HTTP/1.1 GET /favicon.ico
INFO	2024/06/05 18:08:53 [::1]:55620 - HTTP/1.1 POST /tasks/updateform?id=5
INFO	2024/06/05 18:08:53 [::1]:55620 - HTTP/1.1 GET /
INFO	2024/06/05 18:08:53 [::1]:55620 - HTTP/1.1 GET /favicon.ico
INFO	2024/06/05 18:48:24 [::1]:55837 - HTTP/1.1 POST /tasks/add
INFO	2024/06/05 18:48:24 [::1]:55837 - HTTP/1.1 GET /
INFO	2024/06/05 18:48:24 [::1]:55837 - HTTP/1.1 GET /favicon.ico
INFO	2024/06/05 18:48:27 [::1]:55837 - HTTP/1.1 POST /tasks/add
INFO	2024/06/05 18:48:27 [::1]:55837 - HTTP/1.1 GET /
INFO	2024/06/05 18:48:27 [::1]:55837 - HTTP/1.1 GET /favicon.ico
INFO	2024/06/05 18:53:41 [::1]:55865 - HTTP/1.1 GET /
INFO	2024/06/05 18:53:41 [::1]:55865 - HTTP/1.1 GET /favicon.ico
INFO	2024/06/05 18:53:42 [::1]:55865 - HTTP/1.1 GET /
INFO	2024/06/05 18:53:42 [::1]:55865 - HTTP/1.1 GET /favicon.ico
INFO	2024/06/05 18:53:45 [::1]:55865 - HTTP/1.1 POST /tasks/add
INFO	2024/06/05 18:53:45 [::1]:55865 - HTTP/1.1 GET /favicon.ico
INFO	2024/06/05 18:53:49 [::1]:55865 - HTTP/1.1 GET /favicon.ico
INFO	2024/06/05 18:53:53 [::1]:55865 - HTTP/1.1 POST /tasks/add
INFO	2024/06/05 18:53:53 [::1]:55865 - HTTP/1.1 GET /
INFO	2024/06/05 18:53:53 [::1]:55865 - HTTP/1.1 GET /favicon.ico
INFO	2024/06/05 18:53:58 [::1]:55865 - HTTP/1.1 POST /tasks/delete?id=7
INFO	2024/06/05 18:53:58 [::1]:55865 - HTTP/1.1 GET /
INFO	2024/06/05 18:53:58 [::1]:55865 - HTTP/1.1 GET /favicon.ico
INFO	2024/06/05 18:54:01 [::1]:55865 - HTTP/1.1 POST /tasks/delete?id=6
INFO	2024/06/05 18:54:01 [::1]:55865 - HTTP/1.1 GET /
INFO	2024/06/05 18:54:01 [::1]:55865 - HTTP/1.1 GET /favicon.ico
